199 threads found..
starting thread for CNAT
starting thread for FRTA
starting thread for RXDX
starting thread for SNCR
starting thread for HZNP
starting thread for CRC
starting thread for IMGN
starting thread for ZIOP
starting thread for NPTN
starting thread for AMD
starting thread for EMES
starting thread for ANGI
starting thread for FMSA
starting thread for BCRX
starting thread for CBI
starting thread for VRAY
starting thread for SALT
starting thread for ENDP
starting thread for SRC
starting thread for SNAP
starting thread for IPXL
starting thread for TGI
starting thread for PGNX
starting thread for DEPO
starting thread for CHRS
starting thread for ALDR
starting thread for DDD
starting thread for LBIO
starting thread for EDIT
starting thread for EPZM
starting thread for IMMU
starting thread for PUMP
starting thread for JUNO
starting thread for AFSI
starting thread for RRD
starting thread for HSC
starting thread for TK
starting thread for TWI
starting thread for PIR
starting thread for SM
starting thread for ICON
starting thread for CYH
starting thread for SSYS
starting thread for FORM
starting thread for EVRI
starting thread for LL
starting thread for RUBI
starting thread for CBL
starting thread for HDP
starting thread for FIT
starting thread for OAS
starting thread for KEM
starting thread for TIVO
starting thread for PEI
starting thread for BW
starting thread for SPN
starting thread for WFT
starting thread for EIGI
starting thread for EXPR
starting thread for KND
starting thread for NAT
starting thread for S
starting thread for CZZ
starting thread for PTCT
starting thread for P
starting thread for EXEL
starting thread for XOG
starting thread for FEYE
starting thread for PRTK
starting thread for NTNX
starting thread for YELP
starting thread for TROX
starting thread for RUN
starting thread for ARCO
starting thread for AEO
starting thread for ATKR
starting thread for SPPI
starting thread for SWN
starting thread for ESV
starting thread for PLAB
starting thread for CLF
starting thread for HLX
starting thread for ACAD
starting thread for CENX
starting thread for QUOT
starting thread for LILAK
starting thread for CHGG
starting thread for BKS
starting thread for VG
starting thread for ZEN
starting thread for CSIQ
starting thread for CRZO
starting thread for NKTR
starting thread for UCTT
starting thread for M
starting thread for SXC
starting thread for LC
starting thread for CHS
starting thread for LILA
starting thread for GPRE
starting thread for DSW
starting thread for PSTG
starting thread for EXTR
starting thread for MDXG
starting thread for LPI
starting thread for X
starting thread for FET
starting thread for BKD
starting thread for WPG
starting thread for LQ
starting thread for HTGC
starting thread for CNX
starting thread for ACLS
starting thread for NR
starting thread for BRKS
starting thread for APTI
starting thread for FBM
starting thread for INO
starting thread for CDE
starting thread for AKS
starting thread for MBI
starting thread for FRAN
starting thread for NAV
starting thread for GCI
starting thread for GSM
starting thread for FNSR
starting thread for AXL
starting thread for EROS
starting thread for DPLO
starting thread for NRG
starting thread for ECA
starting thread for MNTA
starting thread for ATSG
starting thread for CYTK
starting thread for CF
starting thread for MCC
starting thread for ACCO
starting thread for PTEN
starting thread for DNOW
starting thread for BLDR
starting thread for ERI
starting thread for BZH
starting thread for SKT
starting thread for GPS
starting thread for CDEV
starting thread for ODP
starting thread for BRX
starting thread for PNK
starting thread for MDR
starting thread for GES
starting thread for CALD
starting thread for AHT
starting thread for AMC
starting thread for RPT
starting thread for INFN
starting thread for CMRE
starting thread for SSW
starting thread for DBD
starting thread for SLM
starting thread for GPOR
starting thread for BMCH
starting thread for KTOS
starting thread for MRO
starting thread for PBF
starting thread for FI
starting thread for LMNX
starting thread for HL
starting thread for MTOR
starting thread for WWW
starting thread for HBI
starting thread for PAGP
starting thread for TWTR
starting thread for APTS
starting thread for UNIT
starting thread for FCX
starting thread for MOS
starting thread for PBI
starting thread for AMKR
starting thread for VIAV
starting thread for ACOR
starting thread for CG
starting thread for WSR
starting thread for MRC
starting thread for KLIC
starting thread for KRG
starting thread for STOR
starting thread for FCH
starting thread for RPXC
starting thread for SQ
starting thread for ENZ
starting thread for ON
starting thread for FBP
starting thread for HFC
starting thread for SGMS
starting thread for OMAM
starting thread for SBH
starting thread for EEP
starting thread for SUM
starting thread for CY
RXDX Done!
FRTA Done!
SNCR Done!
CNAT Done!
ZIOP Done!
CRC Done!
HZNP Done!
IMGN Done!
AMD Done!
EMES Done!
NPTN Done!
FMSA Done!
ANGI Done!
CBI Done!
VRAY Done!
BCRX Done!
SALT Done!
IPXL Done!
ENDP Done!
SNAP Done!
SRC Done!
TGI Done!
PGNX Done!
ALDR Done!
DEPO Done!
CHRS Done!
LBIO Done!
IMMU Done!
EPZM Done!
EDIT Done!
PUMP Done!
DDD Done!
RRD Done!
HSC Done!
AFSI Done!
JUNO Done!
TK Done!
PIR Done!
LL Done!
SM Done!
TWI Done!
CYH Done!
ICON Done!
FORM Done!
RUBI Done!
SSYS Done!
CBL Done!
SPN Done!
HDP Done!
FIT Done!
KEM Done!
OAS Done!
KND Done!
EVRI Done!
TIVO Done!
BW Done!
S Done!
EIGI Done!
PEI Done!
WFT Done!
EXEL Done!
CZZ Done!
EXPR Done!
P Done!
NAT Done!
YELP Done!
FEYE Done!
TROX Done!
PTCT Done!
ATKR Done!
PRTK Done!
CENX Done!
RUN Done!
NTNX Done!
LILAK Done!
ARCO Done!
AEO Done!
PLAB Done!
XOG Done!
SWN Done!
CHGG Done!
CLF Done!
ZEN Done!
SPPI Done!
HLX Done!
UCTT Done!
AHT Done!
MCC Done!
SQ Done!
ECA Done!
FBP Done!
MRC Done!
CYTK Done!
MDR Done!
CNX Done!
MDXG Done!
WWW Done!
FET Done!
QUOT Done!
SLM Done!
ACCO Done!
AMC Done!
BLDR Done!
BRX Done!
AXL Done!
ATSG Done!
BRKS Done!
LQ Done!
DSW Done!
FNSR Done!
CF Done!
HFC Done!
SBH Done!
WPG Done!
LC Done!
CMRE Done!
MOS Done!
RPXC Done!
FRAN Done!
ACAD Done!
INOMDPLO   Done!Done!Done!


CALDEEPCY   Done!Done!Done!


HTGC Done!
KRG Done!
NAV Done!
OMAM Done!
NKTR Done!
ERI Done!
GSM Done!
BMCH Done!
SXC Done!
PBI Done!
APTS Done!
CDEV Done!
SSW Done!
SKT Done!
MBI Done!
MRO Done!
LILA Done!
FCX Done!
FI Done!
CSIQ Done!
LPI Done!
AKS Done!
ACLS Done!
FBM Done!
PAGP Done!
WSR Done!
RPT Done!
EXTR Done!
FCH Done!
VG Done!
HL Done!
ON Done!
CDE Done!
KTOS Done!
VIAV Done!
SGMS Done!
INFN Done!
SUM Done!
BKS Done!
GES Done!
KLIC Done!
PTEN Done!
CG Done!
HBI Done!
DBD Done!
CHS Done!
PSTG Done!
AMKR Done!
APTI Done!
NR Done!
LMNX Done!
STOR Done!
MNTA Done!
 ODP Done!
UNIT Done!
CRZOX  Done!Done!

GPSDNOWBZHPBFEROS     Done!Done!Done!Done!Done!




PNK Done!
MTOR Done!
TWTR Done!
GCI Done!
GPOR Done!
ENZ Done!
GPRE Done!
ACOR Done!
NRG Done!
ESV Done!
BKD Done!
Elapsed time:  2.76  minutes  2017-05-29 16:01:57.118000
